29-Sep-18 9:30:26 AM	This log contains information about the import schema operation into project 'ehopital.db' on computer 'NITISH220302' by user 'nitish2203'.
29-Sep-18 9:30:26 AM	Import of database schema has started.
29-Sep-18 9:30:31 AM	Gathering database options
29-Sep-18 9:30:31 AM	Gathering users
29-Sep-18 9:30:31 AM	Gathering roles
29-Sep-18 9:30:31 AM	Gathering application roles
29-Sep-18 9:30:31 AM	Gathering role memberships
29-Sep-18 9:30:31 AM	Gathering filegroups
29-Sep-18 9:30:31 AM	Gathering full-text catalogs
29-Sep-18 9:30:31 AM	Gathering assemblies
29-Sep-18 9:30:31 AM	Gathering certificates
29-Sep-18 9:30:31 AM	Gathering asymmetric keys
29-Sep-18 9:30:31 AM	Gathering symmetric keys
29-Sep-18 9:30:31 AM	Gathering encrypted symmetric keys
29-Sep-18 9:30:31 AM	Gathering schemas
29-Sep-18 9:30:31 AM	Gathering XML schema collections
29-Sep-18 9:30:31 AM	Gathering user-defined data types
29-Sep-18 9:30:31 AM	Gathering user-defined types
29-Sep-18 9:30:31 AM	Gathering table types
29-Sep-18 9:30:31 AM	Gathering unique keys for table types
29-Sep-18 9:30:31 AM	Gathering primary keys for table types
29-Sep-18 9:30:31 AM	Gathering indexes for table types
29-Sep-18 9:30:31 AM	Gathering check constraints for table types
29-Sep-18 9:30:31 AM	Gathering default constraints for table types
29-Sep-18 9:30:31 AM	Gathering partition functions
29-Sep-18 9:30:31 AM	Gathering partition schemes
29-Sep-18 9:30:31 AM	Gathering functions
29-Sep-18 9:30:31 AM	Gathering encrypted functions
29-Sep-18 9:30:31 AM	Gathering aggregates
29-Sep-18 9:30:31 AM	Gathering procedures
29-Sep-18 9:30:31 AM	Gathering encrypted procedures
29-Sep-18 9:30:31 AM	Gathering tables
29-Sep-18 9:30:31 AM	Gathering primary keys
29-Sep-18 9:30:31 AM	Gathering unique constraints
29-Sep-18 9:30:31 AM	Gathering foreign keys
29-Sep-18 9:30:31 AM	Gathering default constraints
29-Sep-18 9:30:31 AM	Gathering check constraints
29-Sep-18 9:30:31 AM	Gathering views
29-Sep-18 9:30:31 AM	Gathering encrypted views
29-Sep-18 9:30:31 AM	Gathering indexes
29-Sep-18 9:30:31 AM	Gathering statistics
29-Sep-18 9:30:31 AM	Gathering full-text index stoplists
29-Sep-18 9:30:31 AM	Gathering search property lists
29-Sep-18 9:30:31 AM	Gathering search properties
29-Sep-18 9:30:31 AM	Gathering full-text indexes
29-Sep-18 9:30:31 AM	Gathering column store indexes
29-Sep-18 9:30:31 AM	Gathering spatial indexes
29-Sep-18 9:30:31 AM	Gathering XML indexes
29-Sep-18 9:30:31 AM	Gathering Selective XML indexes
29-Sep-18 9:30:31 AM	Gathering encrypted triggers
29-Sep-18 9:30:31 AM	Gathering triggers
29-Sep-18 9:30:31 AM	Gathering encrypted and clr ddl triggers
29-Sep-18 9:30:31 AM	Gathering ddl triggers
29-Sep-18 9:30:31 AM	Gathering synonyms
29-Sep-18 9:30:31 AM	Gathering defaults
29-Sep-18 9:30:31 AM	Gathering data constraint uddt bindings
29-Sep-18 9:30:31 AM	Gathering rules
29-Sep-18 9:30:31 AM	Gathering data constraint uddt bindings
29-Sep-18 9:30:31 AM	Gathering message types
29-Sep-18 9:30:31 AM	Gathering queues
29-Sep-18 9:30:31 AM	Gathering contracts
29-Sep-18 9:30:31 AM	Gathering services
29-Sep-18 9:30:31 AM	Gathering event notifications
29-Sep-18 9:30:31 AM	Gathering remote service bindings
29-Sep-18 9:30:31 AM	Gathering broker priorities
29-Sep-18 9:30:31 AM	Gathering signatures
29-Sep-18 9:30:31 AM	Gathering data compression options
29-Sep-18 9:30:31 AM	Gathering sequence types
29-Sep-18 9:30:31 AM	Gathering extended properties
29-Sep-18 9:30:31 AM	Gathering credentials
29-Sep-18 9:30:31 AM	Gathering logins
29-Sep-18 9:30:31 AM	Gathering server audits
29-Sep-18 9:30:31 AM	Scanning project for duplicate elements
29-Sep-18 9:30:31 AM	Finished duplicate element processing
29-Sep-18 9:30:31 AM	Finished importing database.
29-Sep-18 9:30:31 AM	A summary of the import was saved to the following location: D:\git code\ehospital.api\ehopital.db\Import Schema Logs\ehopital.db_20180929040026.log
29-Sep-18 9:30:31 AM	Click Finish to continue...
